[1011/165725.274:ERROR:directory_reader_win.cc(43)] FindFirstFile: The system cannot find the path specified. (0x3)
[1014/092639.015:ERROR:directory_reader_win.cc(43)] FindFirstFile: The system cannot find the path specified. (0x3)
[1016/093128.190:ERROR:directory_reader_win.cc(43)] FindFirstFile: The system cannot find the path specified. (0x3)
[1017/000614.741:ERROR:process_reader_win.cc(127)] NtOpenThread: {Access Denied} A process has requested access to an object, but has not been granted those access rights. (0xc0000022)
[1017/000614.743:ERROR:process_reader_win.cc(155)] SuspendThread: Access is denied. (0x5)
[1017/000614.766:ERROR:exception_snapshot_win.cc(100)] thread ID 8280 not found in process
[1017/000614.766:ERROR:process_reader_win.cc(155)] SuspendThread: Access is denied. (0x5)
[1017/000614.766:ERROR:process_reader_win.cc(155)] SuspendThread: Access is denied. (0x5)
[1017/000614.766:ERROR:process_reader_win.cc(155)] SuspendThread: Access is denied. (0x5)
[1017/000614.766:ERROR:process_reader_win.cc(155)] SuspendThread: Access is denied. (0x5)
[1017/000614.766:ERROR:process_reader_win.cc(155)] SuspendThread: Access is denied. (0x5)
[1017/000614.766:ERROR:process_reader_win.cc(155)] SuspendThread: Access is denied. (0x5)
[1017/000614.766:ERROR:process_reader_win.cc(155)] SuspendThread: Access is denied. (0x5)
[1017/000614.766:ERROR:process_reader_win.cc(155)] SuspendThread: Access is denied. (0x5)
[1017/000614.766:ERROR:process_reader_win.cc(155)] SuspendThread: Access is denied. (0x5)
[1017/000614.766:ERROR:process_reader_win.cc(155)] SuspendThread: Access is denied. (0x5)
[1017/000614.766:ERROR:process_reader_win.cc(127)] NtOpenThread: {Access Denied} A process has requested access to an object, but has not been granted those access rights. (0xc0000022)
[1017/000614.767:ERROR:exception_snapshot_win.cc(100)] thread ID 7452 not found in process
[1017/000614.758:ERROR:process_reader_win.cc(155)] SuspendThread: Access is denied. (0x5)
[1017/000614.781:ERROR:process_reader_win.cc(155)] SuspendThread: Access is denied. (0x5)
[1017/000614.781:ERROR:process_reader_win.cc(155)] SuspendThread: Access is denied. (0x5)
[1017/000614.781:ERROR:process_reader_win.cc(155)] SuspendThread: Access is denied. (0x5)
[1017/000614.781:ERROR:process_reader_win.cc(155)] SuspendThread: Access is denied. (0x5)
[1017/000614.781:ERROR:process_reader_win.cc(155)] SuspendThread: Access is denied. (0x5)
[1017/000614.781:ERROR:process_reader_win.cc(155)] SuspendThread: Access is denied. (0x5)
[1017/000614.781:ERROR:process_reader_win.cc(155)] SuspendThread: Access is denied. (0x5)
[1017/000614.781:ERROR:process_reader_win.cc(155)] SuspendThread: Access is denied. (0x5)
[1017/000614.781:ERROR:process_reader_win.cc(155)] SuspendThread: Access is denied. (0x5)
[1017/000614.781:ERROR:process_reader_win.cc(155)] SuspendThread: Access is denied. (0x5)
[1017/000614.781:ERROR:process_reader_win.cc(155)] SuspendThread: Access is denied. (0x5)
[1017/000614.781:ERROR:process_reader_win.cc(127)] NtOpenThread: {Access Denied} A process has requested access to an object, but has not been granted those access rights. (0xc0000022)
[1017/000614.782:ERROR:exception_snapshot_win.cc(100)] thread ID 13040 not found in process
[1017/000614.784:ERROR:process_reader_win.cc(155)] SuspendThread: Access is denied. (0x5)
[1017/000614.784:ERROR:process_reader_win.cc(155)] SuspendThread: Access is denied. (0x5)
[1017/000614.784:ERROR:process_reader_win.cc(155)] SuspendThread: Access is denied. (0x5)
[1017/000614.784:ERROR:process_reader_win.cc(155)] SuspendThread: Access is denied. (0x5)
[1017/000614.784:ERROR:process_reader_win.cc(155)] SuspendThread: Access is denied. (0x5)
[1017/000614.784:ERROR:process_reader_win.cc(155)] SuspendThread: Access is denied. (0x5)
[1017/000614.784:ERROR:process_reader_win.cc(155)] SuspendThread: Access is denied. (0x5)
[1017/000614.784:ERROR:process_reader_win.cc(155)] SuspendThread: Access is denied. (0x5)
[1017/000614.784:ERROR:process_reader_win.cc(155)] SuspendThread: Access is denied. (0x5)
[1017/000614.784:ERROR:process_reader_win.cc(155)] SuspendThread: Access is denied. (0x5)
[1017/000614.784:ERROR:process_reader_win.cc(155)] SuspendThread: Access is denied. (0x5)
[1017/000614.784:ERROR:process_reader_win.cc(155)] SuspendThread: Access is denied. (0x5)
[1017/000614.784:ERROR:process_reader_win.cc(155)] SuspendThread: Access is denied. (0x5)
[1017/000614.784:ERROR:process_reader_win.cc(155)] SuspendThread: Access is denied. (0x5)
[1017/000614.784:ERROR:process_reader_win.cc(155)] SuspendThread: Access is denied. (0x5)
[1017/000614.784:ERROR:process_reader_win.cc(127)] NtOpenThread: {Access Denied} A process has requested access to an object, but has not been granted those access rights. (0xc0000022)
[1017/000614.784:ERROR:exception_snapshot_win.cc(100)] thread ID 10040 not found in process
[1017/000614.743:ERROR:process_reader_win.cc(155)] SuspendThread: Access is denied. (0x5)
[1017/000614.787:ERROR:process_reader_win.cc(155)] SuspendThread: Access is denied. (0x5)
[1017/000614.787:ERROR:process_reader_win.cc(155)] SuspendThread: Access is denied. (0x5)
[1017/000614.787:ERROR:process_reader_win.cc(155)] SuspendThread: Access is denied. (0x5)
[1017/000614.787:ERROR:process_reader_win.cc(155)] SuspendThread: Access is denied. (0x5)
[1017/000614.787:ERROR:process_reader_win.cc(155)] SuspendThread: Access is denied. (0x5)
[1017/000614.787:ERROR:process_reader_win.cc(155)] SuspendThread: Access is denied. (0x5)
[1017/000614.787:ERROR:process_reader_win.cc(155)] SuspendThread: Access is denied. (0x5)
[1017/000614.787:ERROR:process_reader_win.cc(155)] SuspendThread: Access is denied. (0x5)
[1017/000614.787:ERROR:process_reader_win.cc(155)] SuspendThread: Access is denied. (0x5)
[1017/000614.787:ERROR:process_reader_win.cc(155)] SuspendThread: Access is denied. (0x5)
[1017/000614.788:ERROR:process_reader_win.cc(127)] NtOpenThread: {Access Denied} A process has requested access to an object, but has not been granted those access rights. (0xc0000022)
[1017/000614.788:ERROR:exception_snapshot_win.cc(100)] thread ID 4624 not found in process
[1017/000614.788:ERROR:process_reader_win.cc(155)] SuspendThread: Access is denied. (0x5)
[1017/000614.788:ERROR:process_reader_win.cc(155)] SuspendThread: Access is denied. (0x5)
[1017/000614.788:ERROR:process_reader_win.cc(155)] SuspendThread: Access is denied. (0x5)
[1017/000614.788:ERROR:process_reader_win.cc(155)] SuspendThread: Access is denied. (0x5)
[1017/000614.788:ERROR:process_reader_win.cc(155)] SuspendThread: Access is denied. (0x5)
[1017/000614.788:ERROR:process_reader_win.cc(155)] SuspendThread: Access is denied. (0x5)
[1017/000614.788:ERROR:process_reader_win.cc(155)] SuspendThread: Access is denied. (0x5)
[1017/000614.788:ERROR:process_reader_win.cc(155)] SuspendThread: Access is denied. (0x5)
[1017/000614.788:ERROR:process_reader_win.cc(155)] SuspendThread: Access is denied. (0x5)
[1017/000614.788:ERROR:process_reader_win.cc(155)] SuspendThread: Access is denied. (0x5)
[1017/000614.788:ERROR:process_reader_win.cc(155)] SuspendThread: Access is denied. (0x5)
[1017/000614.788:ERROR:process_reader_win.cc(155)] SuspendThread: Access is denied. (0x5)
[1017/000614.788:ERROR:process_reader_win.cc(155)] SuspendThread: Access is denied. (0x5)
[1017/000614.788:ERROR:process_reader_win.cc(127)] NtOpenThread: {Access Denied} A process has requested access to an object, but has not been granted those access rights. (0xc0000022)
[1017/000614.788:ERROR:exception_snapshot_win.cc(100)] thread ID 4288 not found in process
[1017/000615.116:ERROR:filesystem_win.cc(129)] GetFileAttributes C:\Users\lbrow\AppData\Local\Microsoft\Edge\User Data\Crashpad\attachments\d3dbadaf-0614-4033-a6e2-38d3c69f069b: The system cannot find the path specified. (0x3)
[1017/000615.438:ERROR:filesystem_win.cc(129)] GetFileAttributes C:\Users\lbrow\AppData\Local\Microsoft\Edge\User Data\Crashpad\attachments\b3ebf08d-9204-48c5-8236-282fc8665695: The system cannot find the path specified. (0x3)
[1017/000615.599:ERROR:filesystem_win.cc(129)] GetFileAttributes C:\Users\lbrow\AppData\Local\Microsoft\Edge\User Data\Crashpad\attachments\0dff8eb5-0a43-4020-a6b2-1161a267bb06: The system cannot find the path specified. (0x3)
[1017/153258.446:ERROR:directory_reader_win.cc(43)] FindFirstFile: The system cannot find the path specified. (0x3)
